<?xml version="1.0" encoding="UTF-8"?>
<testsuite xmlns:xsi="http://www.w3.org/2001/XMLSchema-instance" xsi:noNamespaceSchemaLocation="https://maven.apache.org/surefire/maven-surefire-plugin/xsd/surefire-test-report-3.0.xsd" version="3.0" name="ru.netology.repository.TestPostRepository" time="0.092" tests="1" errors="0" skipped="0" failures="0">
  <properties>
[...]
</properties>
  <testcase name="testSave" classname="ru.netology.repository.TestPostRepository" time="0.05">
    <system-out><![CDATA[1
4
Optional[Post{id=3, content='third post'}]
Optional[Post{id=1, content='first post'}]
Optional.empty
[Post{id=1, content='first post'}, Post{id=2, content='second post'}, Post{id=3, content='third post'}, Post{id=4, content='fourth post'}]
[Post{id=1, content='first post'}, Post{id=3, content='third post'}, Post{id=4, content='fourth post'}]
[Post{id=1, content='first post'}, Post{id=3, content='Now it is fifth post'}, Post{id=4, content='fourth post'}]
]]></system-out>
  </testcase>
</testsuite>